app/build/outputs/mapping/release/seeds.txt
com.zygisk_enc.RecorderX.RequestCaptureActivity
com.zygisk_enc.RecorderX.RecorderService
com.zygisk_enc.RecorderX.RecorderTileService
com.zygisk_enc.RecorderX.MainActivity
com.zygisk_enc.RecorderX.RequestCaptureActivity: RequestCaptureActivity()
com.zygisk_enc.RecorderX.RecorderTileService: RecorderTileService()
com.zygisk_enc.RecorderX.RecorderService: RecorderService()
com.zygisk_enc.RecorderX.MainActivity: MainActivity()
...
com.google.android.material.slider.Slider: int getHaloRadius()
androidx.appcompat.widget.AppCompatSpinner: android.graphics.PorterDuff$Mode getSupportBackgroundTintMode()
androidx.appcompat.widget.ActionBarContextView: java.lang.CharSequence getTitle()
androidx.core.app.NotificationCompat$BigPictureStyle$Api31Impl: void setBigPicture(android.app.Notification$BigPictureStyle,android.graphics.drawable.Icon)
androidx.appcompat.widget.AppCompatTextView: void setLineHeight(int)
androidx.appcompat.widget.SearchView: void setInputType(int)
androidx.recyclerview.widget.RecyclerView: boolean isLayoutSuppressed()
androidx.core.widget.TextViewCompat$Api23Impl: android.graphics.PorterDuff$Mode getCompoundDrawableTintMode(android.widget.TextView)
androidx.appcompat.widget.AppCompatTextViewAutoSizeHelper$Api23Impl: android.text.StaticLayout createStaticLayoutForMeasuring(java.lang.CharSequence,android.text.Layout$Alignment,int,int,android.widget.TextView,android.text.TextPaint,androidx.appcompat.widget.AppCompatTextViewAutoSizeHelper$Impl)
com.google.android.material.behavior.SwipeDismissBehavior: SwipeDismissBehavior()
androidx.coordinatorlayout.widget.CoordinatorLayout: androidx.core.view.WindowInsetsCompat getLastWindowInsets()
androidx.appcompat.widget.Toolbar: void setContentInsetEndWithActions(int)
androidx.core.os.LocaleListCompat$Api24Impl: android.os.LocaleList getAdjustedDefault()
androidx.core.view.WindowInsetsCompat$Impl21: androidx.core.graphics.Insets getStableInsets()
androidx.appcompat.widget.DropDownListView$Api21Impl: void drawableHotspotChanged(android.view.View,float,float)
androidx.constraintlayout.helper.widget.Flow: void setFirstVerticalStyle(int)
androidx.appcompat.widget.ViewStubCompat: void setLayoutInflater(android.view.LayoutInflater)
androidx.recyclerview.widget.RecyclerView: int getBaseline()
com.google.android.material.textfield.TextInputLayout: void setEndIconDrawable(android.graphics.drawable.Drawable)
androidx.appcompat.widget.LinearLayoutCompat: android.graphics.drawable.Drawable getDividerDrawable()
androidx.core.view.MarginLayoutParamsCompat$Api17Impl: boolean isMarginRelative(android.view.ViewGroup$MarginLayoutParams)
com.google.android.material.slider.Slider: void setThumbElevation(float)
androidx.core.view.WindowInsetsCompat$Impl29: WindowInsetsCompat$Impl29(androidx.core.view.WindowInsetsCompat,androidx.core.view.WindowInsetsCompat$Impl29)
com.google.android.material.snackbar.BaseTransientBottomBar$SnackbarBaseLayout: float getActionTextColorAlpha()
androidx.constraintlayout.core.widgets.analyzer.WidgetRun$RunType: androidx.constraintlayout.core.widgets.analyzer.WidgetRun$RunType valueOf(java.lang.String)
androidx.appcompat.view.ContextThemeWrapper$Api17Impl: android.content.Context createConfigurationContext(androidx.appcompat.view.ContextThemeWrapper,android.content.res.Configuration)
com.google.android.material.chip.Chip: void setCloseIconTintResource(int)
androidx.appcompat.widget.AppCompatSpinner: android.graphics.drawable.Drawable getPopupBackground()
com.google.android.material.chip.Chip: java.lang.CharSequence getChipText()
androidx.core.view.animation.PathInterpolatorCompat$Api21Impl: android.view.animation.PathInterpolator createPathInterpolator(android.graphics.Path)
com.google.android.material.datepicker.MaterialCalendarGridView: MaterialCalendarGridView(android.content.Context,android.util.AttributeSet)
androidx.vectordrawable.graphics.drawable.VectorDrawableCompat$VGroup: void setTranslateY(float)
androidx.appcompat.widget.AppCompatEditText: void setBackgroundResource(int)
androidx.constraintlayout.core.widgets.ConstraintAnchor$Type: androidx.constraintlayout.core.widgets.ConstraintAnchor$Type[] values()
androidx.profileinstaller.FileSectionType: androidx.profileinstaller.FileSectionType[] values()
androidx.core.view.WindowInsetsCompat$Impl20: androidx.core.view.WindowInsetsCompat inset(int,int,int,int)