app/build/outputs/mapping/release/usage.txt
com.zygisk_enc.RecorderX.MainActivity:
    private static final int PERMISSION_REQUEST_CODE
    private static final int SCREEN_CAPTURE_REQUEST_CODE
com.zygisk_enc.RecorderX.R$array:
    private void <init>()
com.zygisk_enc.RecorderX.R$color
com.zygisk_enc.RecorderX.R$drawable:
    public static int ic_launcher_foreground
    private void <init>()
com.zygisk_enc.RecorderX.R$id:
    public static int a1
    public static int a2
    public static int a3
    public static int b1
    public static int b2
    public static int b3
    public static int b4
    public static int b5
    public static int b6
    public static int c1
    public static int c2
    public static int c3
    public static int f1
    public static int f2
    public static int f3
    public static int f4
    public static int f5
    public static int m1
    public static int m2
    public static int o1
    public static int o2
    public static int o3
    public static int q1
    public static int q2
    public static int q3
    public static int r1
    public static int r2
    public static int r3
    public static int r4
    public static int r5
    public static int r6
    public static int titleMain
    private void <init>()
com.zygisk_enc.RecorderX.R$layout:
    private void <init>()
com.zygisk_enc.RecorderX.R$mipmap
com.zygisk_enc.RecorderX.R$string:
    public static int app_name
    public static int audio_quality_label
    public static int audio_source_label
    public static int bitrate_label
    public static int bitrate_mode_label
    public static int fps_label
    public static int info_text
    public static int naming_template_label
    public static int orientation_label
    public static int qs_label
    public static int resolution_label
    public static int settings_title
    public static int video_codec_label
    private void <init>()
com.zygisk_enc.RecorderX.R$style
com.zygisk_enc.RecorderX.R$xml
com.zygisk_enc.RecorderX.R
com.zygisk_enc.RecorderX.RecorderService:
    public static final java.lang.String ACTION_START
    public static final java.lang.String ACTION_STOP
    private static final java.lang.String CHANNEL_ID
    public static final java.lang.String EXTRA_DATA
    public static final java.lang.String EXTRA_RESULT_CODE
    private static final int NOTIFICATION_ID
    private static final java.lang.String SAVED_CHANNEL_ID
    private static final int SAVED_NOTIFICATION_ID
    private static final java.lang.String TAG
com.zygisk_enc.RecorderX.RecordingSession:
    private static final java.lang.String TAG
com.zygisk_enc.RecorderX.RequestCaptureActivity:
    private static final int REQUEST_CODE
com.zygisk_enc.RecorderX.SettingsManager:
    private static final java.lang.String KEY_AUDIO_QUALITY
    private static final java.lang.String KEY_AUDIO_SOURCE
    private static final java.lang.String KEY_BITRATE
    private static final java.lang.String KEY_BITRATE_MODE
    private static final java.lang.String KEY_CODEC
    private static final java.lang.String KEY_FPS
    private static final java.lang.String KEY_NAMING_TEMPLATE
    private static final java.lang.String KEY_ORIENTATION
    private static final java.lang.String KEY_RESOLUTION
    private static final java.lang.String PREFS_NAME
    public java.lang.String getNamingTemplate()
com.zygisk_enc.RecorderX.MainActivity$$InternalSyntheticLambda$2$f869342c88c3ee730e80302b13933d2a48551522d90bba77d39620e7759ddf95$0:
    public final java.lang.String getFormattedValue()
com.zygisk_enc.RecorderX.MainActivity$$InternalSyntheticLambda$2$f869342c88c3ee730e80302b13933d2a48551522d90bba77d39620e7759ddf95$1:
    public static void onValueChange()
    public final void onValueChange(com.google.android.material.slider.BaseSlider,float,boolean)
com.zygisk_enc.RecorderX.MainActivity:
    public final void startProjectionRequest()
com.zygisk_enc.RecorderX.R$array
com.zygisk_enc.RecorderX.R$drawable
com.zygisk_enc.RecorderX.R$id
com.zygisk_enc.RecorderX.R$layout
...
androidx.profileinstaller.WritableFileSection:
    public final int mExpectedInflateSize
androidx.recyclerview.R$attr
androidx.recyclerview.R$dimen
androidx.recyclerview.R$styleable:
    public static int[] ColorStateListItem
    public static int[] FontFamily
    public static int[] FontFamilyFont
    public static int[] GradientColor
    public static int[] GradientColorItem
    public static int RecyclerView_android_clipToPadding
    public static int RecyclerView_android_descendantFocusability
    public static int RecyclerView_android_orientation
    public static int RecyclerView_fastScrollEnabled
    public static int RecyclerView_fastScrollHorizontalThumbDrawable
    public static int RecyclerView_fastScrollHorizontalTrackDrawable
    public static int RecyclerView_fastScrollVerticalThumbDrawable
    public static int RecyclerView_fastScrollVerticalTrackDrawable
    public static int RecyclerView_layoutManager
    public static int RecyclerView_reverseLayout
    public static int RecyclerView_spanCount
    public static int RecyclerView_stackFromEnd
androidx.recyclerview.widget.AdapterHelper$Callback
androidx.recyclerview.widget.AdapterHelper$UpdateOp:
    public java.lang.Object payload
    public static java.lang.String cmdToString()
androidx.recyclerview.widget.AdapterHelper:
    public final boolean mDisableRecycler
    public int mExistingUpdateTypes
    public java.lang.Runnable mOnItemProcessedCallback
    public static int applyPendingUpdatesToPosition()
    public static int findPositionOffset()
    public final boolean hasAnyUpdateTypes(int)
    public static boolean hasUpdates()
    public final void recycleUpdateOp(androidx.recyclerview.widget.AdapterHelper$UpdateOp)
    public final void reset()
androidx.recyclerview.widget.ChildHelper$Callback
androidx.recyclerview.widget.ChildHelper:
    public static void addView()
    public static android.view.View findHiddenNonRemovedView()
    public static void hide()
    public final int indexOfChild(android.view.View)
    public final boolean isHidden(android.view.View)
    public static void removeAllViewsUnfiltered()
    public static void removeView()
    public static void removeViewAt()
    public static boolean removeViewIfHidden()
    public static void unhide()
androidx.recyclerview.widget.DefaultItemAnimator:
    public static boolean animateAdd()
    public static void animateAddImpl()
    public final boolean animateAppearance()
    public static boolean animateChange()
    public static void animateChangeImpl()
    public final boolean animateDisappearance()
    public static void animateMoveImpl()
    public final boolean animatePersistence()
    public static boolean animateRemove()
    public final boolean canReuseUpdatedViewHolder()
    public final boolean canReuseUpdatedViewHolder$1()
    public final void dispatchAddFinished(androidx.recyclerview.widget.RecyclerView$ViewHolder)
    public static void dispatchAddStarting()
    public static void dispatchChangeFinished()
    public static void dispatchChangeStarting()
    public static void dispatchMoveFinished()
    public static void dispatchMoveStarting()
    public static void dispatchRemoveFinished()
    public static void dispatchRemoveStarting()
    public final void endChangeAnimationIfNecessary(androidx.recyclerview.widget.DefaultItemAnimator$ChangeInfo)
    public static void onAddFinished()
    public static void onAddStarting()
    public static void onChangeFinished()
    public static void onChangeStarting()
    public static void onMoveFinished()
    public static void onMoveStarting()
    public static void onRemoveFinished()
    public static void onRemoveStarting()
    public final void runPendingAnimations()